yarn run v1.22.19
$ webpack serve --config ./config/webpack.dev.js
<i> [webpack-dev-server] Project is running at:
<i> [webpack-dev-server] Loopback: http://localhost:8888/
<i> [webpack-dev-server] On Your Network (IPv4): http://162.105.85.214:8888/
<i> [webpack-dev-server] Content not from webpack is served from '/mnt/home/richsoap/s/meta2d.js/examples/react-mine/public' directory
Browserslist: caniuse-lite is outdated. Please run:
  npx browserslist@latest --update-db
  Why you should do it regularly: https://github.com/browserslist/browserslist#browsers-data-updating
assets by info 20.9 KiB [immutable]
  asset fea60433769e2f01b90d.gif 18.5 KiB [emitted] [immutable] [from: src/assets/styles/test.gif] (auxiliary name: main)
  asset 8f5aff7bfc1977b6691b.woff2 2.39 KiB [emitted] [immutable] [from: src/assets/styles/myfont.woff2] (auxiliary name: main)
asset bundle.js 5.63 MiB [emitted] (name: main)
asset index.html 832 bytes [emitted]
orphan modules 2.95 MiB [orphan] 2032 modules
runtime modules 28.7 KiB 15 modules
cacheable modules 4.16 MiB (javascript) 20.9 KiB (asset)
  modules by path ./node_modules/ 4.06 MiB 897 modules
  modules by path ./src/ 95.1 KiB (javascript) 20.9 KiB (asset)
    javascript modules 77.1 KiB
      modules by path ./src/views/*.jsx 54.3 KiB 9 modules
      modules by path ./src/assets/styles/*.css 17 KiB 2 modules
      modules by path ./src/utils/*.js 5.52 KiB 2 modules
      ./src/index.js 346 bytes [built] [code generated]
    asset modules 18 KiB (javascript) 20.9 KiB (asset) 6 modules
webpack 5.58.1 compiled successfully in 5338 ms
<i> [webpack-dev-server] Gracefully shutting down. To force exit, press ^C again. Please wait...
yarn run v1.22.19
$ webpack serve --config ./config/webpack.dev.js
<i> [webpack-dev-server] Project is running at:
<i> [webpack-dev-server] Loopback: http://localhost:8888/
<i> [webpack-dev-server] On Your Network (IPv4): http://162.105.85.214:8888/
<i> [webpack-dev-server] Content not from webpack is served from '/mnt/home/richsoap/s/meta2d.js/examples/react-mine/public' directory
Browserslist: caniuse-lite is outdated. Please run:
  npx browserslist@latest --update-db
  Why you should do it regularly: https://github.com/browserslist/browserslist#browsers-data-updating
<i> [webpack-dev-middleware] wait until bundle finished: /
assets by info 20.9 KiB [immutable]
  asset fea60433769e2f01b90d.gif 18.5 KiB [emitted] [immutable] [from: src/assets/styles/test.gif] (auxiliary name: main)
  asset 8f5aff7bfc1977b6691b.woff2 2.39 KiB [emitted] [immutable] [from: src/assets/styles/myfont.woff2] (auxiliary name: main)
asset bundle.js 5.63 MiB [emitted] (name: main)
asset index.html 832 bytes [emitted]
orphan modules 2.95 MiB [orphan] 2032 modules
runtime modules 28.7 KiB 15 modules
cacheable modules 4.16 MiB (javascript) 20.9 KiB (asset)
  modules by path ./node_modules/ 4.06 MiB 897 modules
  modules by path ./src/ 95.1 KiB (javascript) 20.9 KiB (asset)
    javascript modules 77.1 KiB
      modules by path ./src/views/*.jsx 54.3 KiB 9 modules
      modules by path ./src/assets/styles/*.css 17 KiB 2 modules
      modules by path ./src/utils/*.js 5.52 KiB 2 modules
      ./src/index.js 346 bytes [built] [code generated]
    asset modules 18 KiB (javascript) 20.9 KiB (asset) 6 modules
webpack 5.58.1 compiled successfully in 5316 ms
